<?xml version="1.0" encoding="UTF-8"?>
<!-- Generated by org.testng.reporters.JUnitXMLReporter -->
<testsuite ignored="0" hostname="INDPRFTCPL1690" failures="0" tests="3" name="Functional_Tests" time="43.812" errors="0" timestamp="2024-08-06T14:04:06 IST">
  <testcase classname="Perficient.SeleniumFrameworkDesign.pageObject" name="submitOrder" time="15.974"/>
  <testcase classname="Perficient.SeleniumFrameworkDesign.pageObject" name="submitOrder" time="15.927"/>
  <testcase classname="Perficient.SeleniumFrameworkDesign.pageObject" name="OrderList" time="0.807"/>
</testsuite> <!-- Functional_Tests -->
