<?xml version="1.0" encoding="UTF-8"?>
<!-- Generated by org.testng.reporters.JUnitXMLReporter -->
<testsuite ignored="0" hostname="INDPRFTCPL1690" failures="0" tests="3" name="Functional_Tests" time="46.484" errors="0" timestamp="2024-08-12T15:13:03 IST">
  <testcase classname="Perficient.SeleniumFrameworkDesign.pageObject" name="submitOrder" time="16.423"/>
  <testcase classname="Perficient.SeleniumFrameworkDesign.pageObject" name="submitOrder" time="16.178"/>
  <testcase classname="Perficient.SeleniumFrameworkDesign.pageObject" name="OrderList" time="1.057"/>
</testsuite> <!-- Functional_Tests -->
